{"/Users/valkryn_ciel/Desktop/Rithm/RithmPaired/jobly/config.js": {"path":"/Users/valkryn_ciel/Desktop/Rithm/RithmPaired/jobly/config.js","statementMap":{"0":{"start":{"line":4,"column":0},"end":{"line":4,"column":27}},"1":{"start":{"line":6,"column":19},"end":{"line":6,"column":51}},"2":{"start":{"line":8,"column":13},"end":{"line":8,"column":38}},"3":{"start":{"line":18,"column":0},"end":{"line":22,"column":1}},"4":{"start":{"line":19,"column":2},"end":{"line":19,"column":24}},"5":{"start":{"line":21,"column":2},"end":{"line":21,"column":48}},"6":{"start":{"line":25,"column":0},"end":{"line":29,"column":2}}},"fnMap":{},"branchMap":{"0":{"loc":{"start":{"line":6,"column":19},"end":{"line":6,"column":51}},"type":"binary-expr","locations":[{"start":{"line":6,"column":19},"end":{"line":6,"column":41}},{"start":{"line":6,"column":45},"end":{"line":6,"column":51}}],"line":6},"1":{"loc":{"start":{"line":8,"column":13},"end":{"line":8,"column":38}},"type":"binary-expr","locations":[{"start":{"line":8,"column":13},"end":{"line":8,"column":30}},{"start":{"line":8,"column":34},"end":{"line":8,"column":38}}],"line":8},"2":{"loc":{"start":{"line":18,"column":0},"end":{"line":22,"column":1}},"type":"if","locations":[{"start":{"line":18,"column":0},"end":{"line":22,"column":1}},{"start":{"line":18,"column":0},"end":{"line":22,"column":1}}],"line":18},"3":{"loc":{"start":{"line":21,"column":12},"end":{"line":21,"column":47}},"type":"binary-expr","locations":[{"start":{"line":21,"column":12},"end":{"line":21,"column":36}},{"start":{"line":21,"column":40},"end":{"line":21,"column":47}}],"line":21}},"s":{"0":1,"1":1,"2":1,"3":1,"4":1,"5":0,"6":1},"f":{},"b":{"0":[1,1],"1":[1,1],"2":[1,0],"3":[0,0]},"_coverageSchema":"43e27e138ebf9cfc5966b082cf9a028302ed4184","hash":"227a9f5e16d8ade417c893fbe1d9920464ded7fc"}
,"/Users/valkryn_ciel/Desktop/Rithm/RithmPaired/jobly/db.js": {"path":"/Users/valkryn_ciel/Desktop/Rithm/RithmPaired/jobly/db.js","statementMap":{"0":{"start":{"line":4,"column":19},"end":{"line":4,"column":32}},"1":{"start":{"line":5,"column":19},"end":{"line":5,"column":38}},"2":{"start":{"line":7,"column":11},"end":{"line":9,"column":2}},"3":{"start":{"line":11,"column":0},"end":{"line":11,"column":13}},"4":{"start":{"line":14,"column":0},"end":{"line":14,"column":20}}},"fnMap":{},"branchMap":{},"s":{"0":1,"1":1,"2":1,"3":1,"4":1},"f":{},"b":{},"_coverageSchema":"43e27e138ebf9cfc5966b082cf9a028302ed4184","hash":"d256ce64dabc1e15177125702522faf78a3406e0"}
,"/Users/valkryn_ciel/Desktop/Rithm/RithmPaired/jobly/helpers/buildSearchQuery.js": {"path":"/Users/valkryn_ciel/Desktop/Rithm/RithmPaired/jobly/helpers/buildSearchQuery.js","statementMap":{"0":{"start":{"line":3,"column":15},"end":{"line":3,"column":17}},"1":{"start":{"line":4,"column":17},"end":{"line":4,"column":19}},"2":{"start":{"line":6,"column":4},"end":{"line":9,"column":5}},"3":{"start":{"line":7,"column":8},"end":{"line":7,"column":52}},"4":{"start":{"line":8,"column":8},"end":{"line":8,"column":34}},"5":{"start":{"line":10,"column":4},"end":{"line":13,"column":5}},"6":{"start":{"line":11,"column":8},"end":{"line":11,"column":57}},"7":{"start":{"line":12,"column":8},"end":{"line":12,"column":34}},"8":{"start":{"line":14,"column":4},"end":{"line":17,"column":5}},"9":{"start":{"line":15,"column":8},"end":{"line":15,"column":56}},"10":{"start":{"line":16,"column":8},"end":{"line":16,"column":34}},"11":{"start":{"line":19,"column":16},"end":{"line":20,"column":35}},"12":{"start":{"line":22,"column":4},"end":{"line":24,"column":5}},"13":{"start":{"line":23,"column":8},"end":{"line":23,"column":47}},"14":{"start":{"line":26,"column":4},"end":{"line":26,"column":28}},"15":{"start":{"line":29,"column":0},"end":{"line":29,"column":34}}},"fnMap":{"0":{"name":"buildSearchQuery","decl":{"start":{"line":1,"column":9},"end":{"line":1,"column":25}},"loc":{"start":{"line":1,"column":65},"end":{"line":27,"column":1}},"line":1}},"branchMap":{"0":{"loc":{"start":{"line":6,"column":4},"end":{"line":9,"column":5}},"type":"if","locations":[{"start":{"line":6,"column":4},"end":{"line":9,"column":5}},{"start":{"line":6,"column":4},"end":{"line":9,"column":5}}],"line":6},"1":{"loc":{"start":{"line":10,"column":4},"end":{"line":13,"column":5}},"type":"if","locations":[{"start":{"line":10,"column":4},"end":{"line":13,"column":5}},{"start":{"line":10,"column":4},"end":{"line":13,"column":5}}],"line":10},"2":{"loc":{"start":{"line":14,"column":4},"end":{"line":17,"column":5}},"type":"if","locations":[{"start":{"line":14,"column":4},"end":{"line":17,"column":5}},{"start":{"line":14,"column":4},"end":{"line":17,"column":5}}],"line":14},"3":{"loc":{"start":{"line":22,"column":4},"end":{"line":24,"column":5}},"type":"if","locations":[{"start":{"line":22,"column":4},"end":{"line":24,"column":5}},{"start":{"line":22,"column":4},"end":{"line":24,"column":5}}],"line":22}},"s":{"0":5,"1":5,"2":5,"3":4,"4":4,"5":5,"6":1,"7":1,"8":5,"9":2,"10":2,"11":5,"12":5,"13":4,"14":5,"15":1},"f":{"0":5},"b":{"0":[4,1],"1":[1,4],"2":[2,3],"3":[4,1]},"_coverageSchema":"43e27e138ebf9cfc5966b082cf9a028302ed4184","hash":"886d7cc0fc301a5d5ed7d0b65c573182fbb88609"}
,"/Users/valkryn_ciel/Desktop/Rithm/RithmPaired/jobly/helpers/partialUpdate.js": {"path":"/Users/valkryn_ciel/Desktop/Rithm/RithmPaired/jobly/helpers/partialUpdate.js","statementMap":{"0":{"start":{"line":19,"column":12},"end":{"line":19,"column":13}},"1":{"start":{"line":20,"column":16},"end":{"line":20,"column":18}},"2":{"start":{"line":23,"column":2},"end":{"line":27,"column":3}},"3":{"start":{"line":24,"column":4},"end":{"line":26,"column":5}},"4":{"start":{"line":25,"column":6},"end":{"line":25,"column":24}},"5":{"start":{"line":29,"column":2},"end":{"line":32,"column":3}},"6":{"start":{"line":30,"column":4},"end":{"line":30,"column":38}},"7":{"start":{"line":31,"column":4},"end":{"line":31,"column":13}},"8":{"start":{"line":35,"column":13},"end":{"line":35,"column":31}},"9":{"start":{"line":36,"column":14},"end":{"line":36,"column":76}},"10":{"start":{"line":38,"column":15},"end":{"line":38,"column":35}},"11":{"start":{"line":39,"column":2},"end":{"line":39,"column":18}},"12":{"start":{"line":41,"column":2},"end":{"line":41,"column":27}},"13":{"start":{"line":44,"column":0},"end":{"line":44,"column":37}}},"fnMap":{"0":{"name":"sqlForPartialUpdate","decl":{"start":{"line":15,"column":9},"end":{"line":15,"column":28}},"loc":{"start":{"line":15,"column":52},"end":{"line":42,"column":1}},"line":15}},"branchMap":{"0":{"loc":{"start":{"line":24,"column":4},"end":{"line":26,"column":5}},"type":"if","locations":[{"start":{"line":24,"column":4},"end":{"line":26,"column":5}},{"start":{"line":24,"column":4},"end":{"line":26,"column":5}}],"line":24},"1":{"loc":{"start":{"line":24,"column":8},"end":{"line":24,"column":55}},"type":"binary-expr","locations":[{"start":{"line":24,"column":8},"end":{"line":24,"column":27}},{"start":{"line":24,"column":31},"end":{"line":24,"column":55}}],"line":24}},"s":{"0":2,"1":2,"2":2,"3":2,"4":0,"5":2,"6":2,"7":2,"8":2,"9":2,"10":2,"11":2,"12":2,"13":1},"f":{"0":2},"b":{"0":[0,2],"1":[2,2]},"_coverageSchema":"43e27e138ebf9cfc5966b082cf9a028302ed4184","hash":"e75da18229ecc8da405aceaa4cefe9f393614bf2"}
,"/Users/valkryn_ciel/Desktop/Rithm/RithmPaired/jobly/models/company.js": {"path":"/Users/valkryn_ciel/Desktop/Rithm/RithmPaired/jobly/models/company.js","statementMap":{"0":{"start":{"line":1,"column":25},"end":{"line":1,"column":63}},"1":{"start":{"line":2,"column":11},"end":{"line":2,"column":27}},"2":{"start":{"line":8,"column":30},"end":{"line":8,"column":86}},"3":{"start":{"line":10,"column":32},"end":{"line":12,"column":19}},"4":{"start":{"line":14,"column":8},"end":{"line":14,"column":35}},"5":{"start":{"line":18,"column":8},"end":{"line":28,"column":9}},"6":{"start":{"line":19,"column":27},"end":{"line":23,"column":69}},"7":{"start":{"line":24,"column":16},"end":{"line":24,"column":38}},"8":{"start":{"line":26,"column":12},"end":{"line":27,"column":34}},"9":{"start":{"line":33,"column":8},"end":{"line":41,"column":9}},"10":{"start":{"line":35,"column":23},"end":{"line":35,"column":52}},"11":{"start":{"line":37,"column":8},"end":{"line":37,"column":30}},"12":{"start":{"line":39,"column":12},"end":{"line":40,"column":33}},"13":{"start":{"line":49,"column":22},"end":{"line":53,"column":9}},"14":{"start":{"line":54,"column":8},"end":{"line":54,"column":31}},"15":{"start":{"line":59,"column":29},"end":{"line":63,"column":9}},"16":{"start":{"line":64,"column":8},"end":{"line":64,"column":38}},"17":{"start":{"line":69,"column":0},"end":{"line":69,"column":25}}},"fnMap":{"0":{"name":"(anonymous_0)","decl":{"start":{"line":6,"column":4},"end":{"line":6,"column":5}},"loc":{"start":{"line":6,"column":70},"end":{"line":15,"column":5}},"line":6},"1":{"name":"(anonymous_1)","decl":{"start":{"line":17,"column":4},"end":{"line":17,"column":5}},"loc":{"start":{"line":17,"column":81},"end":{"line":29,"column":5}},"line":17},"2":{"name":"(anonymous_2)","decl":{"start":{"line":31,"column":4},"end":{"line":31,"column":5}},"loc":{"start":{"line":31,"column":46},"end":{"line":43,"column":5}},"line":31},"3":{"name":"(anonymous_3)","decl":{"start":{"line":47,"column":4},"end":{"line":47,"column":5}},"loc":{"start":{"line":47,"column":36},"end":{"line":55,"column":5}},"line":47},"4":{"name":"(anonymous_4)","decl":{"start":{"line":58,"column":4},"end":{"line":58,"column":5}},"loc":{"start":{"line":58,"column":38},"end":{"line":66,"column":5}},"line":58}},"branchMap":{},"s":{"0":1,"1":1,"2":5,"3":5,"4":5,"5":3,"6":3,"7":1,"8":2,"9":2,"10":2,"11":1,"12":1,"13":3,"14":3,"15":1,"16":1,"17":1},"f":{"0":5,"1":3,"2":2,"3":3,"4":1},"b":{},"_coverageSchema":"43e27e138ebf9cfc5966b082cf9a028302ed4184","hash":"8273d10a3f6970332c0982ce2fa1488d6095968c"}
}
