TN:
SF:/Users/valkryn_ciel/Desktop/Rithm/RithmPaired/jobly/config.js
FNF:0
FNH:0
DA:4,1
DA:6,1
DA:8,1
DA:18,1
DA:19,1
DA:21,0
DA:25,1
LF:7
LH:6
BRDA:6,0,0,1
BRDA:6,0,1,1
BRDA:8,1,0,1
BRDA:8,1,1,1
BRDA:18,2,0,1
BRDA:18,2,1,0
BRDA:21,3,0,0
BRDA:21,3,1,0
BRF:8
BRH:5
end_of_record
TN:
SF:/Users/valkryn_ciel/Desktop/Rithm/RithmPaired/jobly/db.js
FNF:0
FNH:0
DA:4,1
DA:5,1
DA:7,1
DA:11,1
DA:14,1
LF:5
LH:5
BRF:0
BRH:0
end_of_record
TN:
SF:/Users/valkryn_ciel/Desktop/Rithm/RithmPaired/jobly/helpers/buildSearchQuery.js
FN:1,buildSearchQuery
FNF:1
FNH:1
FNDA:5,buildSearchQuery
DA:3,5
DA:4,5
DA:6,5
DA:7,4
DA:8,4
DA:10,5
DA:11,1
DA:12,1
DA:14,5
DA:15,2
DA:16,2
DA:19,5
DA:22,5
DA:23,4
DA:26,5
DA:29,1
LF:16
LH:16
BRDA:6,0,0,4
BRDA:6,0,1,1
BRDA:10,1,0,1
BRDA:10,1,1,4
BRDA:14,2,0,2
BRDA:14,2,1,3
BRDA:22,3,0,4
BRDA:22,3,1,1
BRF:8
BRH:8
end_of_record
TN:
SF:/Users/valkryn_ciel/Desktop/Rithm/RithmPaired/jobly/helpers/partialUpdate.js
FN:15,sqlForPartialUpdate
FNF:1
FNH:1
FNDA:2,sqlForPartialUpdate
DA:19,2
DA:20,2
DA:23,2
DA:24,2
DA:25,0
DA:29,2
DA:30,2
DA:31,2
DA:35,2
DA:36,2
DA:38,2
DA:39,2
DA:41,2
DA:44,1
LF:14
LH:13
BRDA:24,0,0,0
BRDA:24,0,1,2
BRDA:24,1,0,2
BRDA:24,1,1,2
BRF:4
BRH:3
end_of_record
TN:
SF:/Users/valkryn_ciel/Desktop/Rithm/RithmPaired/jobly/models/company.js
FN:6,(anonymous_0)
FN:17,(anonymous_1)
FN:31,(anonymous_2)
FN:47,(anonymous_3)
FN:58,(anonymous_4)
FNF:5
FNH:5
FNDA:5,(anonymous_0)
FNDA:3,(anonymous_1)
FNDA:2,(anonymous_2)
FNDA:3,(anonymous_3)
FNDA:1,(anonymous_4)
DA:1,1
DA:2,1
DA:8,5
DA:10,5
DA:14,5
DA:18,3
DA:19,3
DA:24,1
DA:26,2
DA:33,2
DA:35,2
DA:37,1
DA:39,1
DA:49,3
DA:54,3
DA:59,1
DA:64,1
DA:69,1
LF:18
LH:18
BRF:0
BRH:0
end_of_record
